Robot.robotStartMode_INFO [0.140391275] Sat Apr 05 10:57:22 PDT 2025: ***** AUTO_MODE *****
Robot.zeroCalibrate_INFO [0.189893053] Zero calibrate all subsystems.
TaskElevatorArm.zeroCalibrate_INFO [0.191764836] zeroCalibrate(owner=null, event=null)
FrcAuto.startMode_INFO [0.197024927] <Info name="MatchInfo" date="Sat Apr 05 10:57:22 PDT 2025" event="PNCMP" type="Qualification" match=98 replay=1 alliance="Red" location=3 gameMsg="" />
FrcAuto.startMode_INFO [0.207340375] <Info name="AutoChoices" alliance="Red" strategy="REEFSCAPE_AUTO" startPos="START_POSE_CENTER" startDelay=0.0 sec useVision="true" scorePreload="true" aprilTagId="-1" relocalize="true" goToStation="false" stationSide="PROCESSOR" stationPickupCount=2 visionXOffset=0.0 visionYOffset=0.0 pathFile="DrivePath.csv" xDistance=0.0 ft yDistance=0.0 ft turnDegrees=0.0 deg driveTime=0.0 sec drivePower=0.0 />
CmdReefscapeAuto.cmdPeriodic_INFO [0.237429657] <Event name="StateInfo" time="0.237006706" tag="vvvvv" CmdReefscapeAuto.state="START" />
TrcWatchdogMgr.checkForExpiration_WARN [0.250590971] ([1.7438758431170774E9]main.watchdog:threshold=1.0,expiredTime=1.7411456174480424E9,expired=true,paused=false) expired.
TrcDbgTrace.checkForExpiration_INFO [0.256597911] Thread stack: 
java.base@17.0.9.7-frc/java.lang.ClassLoader.defineClass1(Native Method)
java.base@17.0.9.7-frc/java.lang.ClassLoader.defineClass(Unknown Source)
java.base@17.0.9.7-frc/java.security.SecureClassLoader.defineClass(Unknown Source)
java.base@17.0.9.7-frc/jdk.internal.loader.BuiltinClassLoader.defineClass(Unknown Source)
java.base@17.0.9.7-frc/jdk.internal.loader.BuiltinClassLoader.findClassOnClassPathOrNull(Unknown Source)
java.base@17.0.9.7-frc/jdk.internal.loader.BuiltinClassLoader.loadClassOrNull(Unknown Source)
java.base@17.0.9.7-frc/jdk.internal.loader.BuiltinClassLoader.loadClass(Unknown Source)
java.base@17.0.9.7-frc/jdk.internal.loader.ClassLoaders$AppClassLoader.loadClass(Unknown Source)
java.base@17.0.9.7-frc/java.lang.ClassLoader.loadClass(Unknown Source)
app//teamcode.Robot.setFieldPosition(Robot.java:567)
app//teamcode.Robot.setRobotStartPosition(Robot.java:607)
app//teamcode.autocommands.CmdReefscapeAuto.cmdPeriodic(CmdReefscapeAuto.java:145)
app//teamcode.FrcAuto.periodic(FrcAuto.java:487)
app//frclib.robotcore.FrcRobotBase.startCompetition(FrcRobotBase.java:586)
app//edu.wpi.first.wpilibj.RobotBase.runRobot(RobotBase.java:419)
app//edu.wpi.first.wpilibj.RobotBase.startRobot(RobotBase.java:510)
app//teamcode.Main.main(Main.java:33)
CmdReefscapeAuto.cmdPeriodic_INFO [0.28304365] <Event name="StateInfo" time="0.281836422" tag="^^^^^" CmdReefscapeAuto.state="START" />
TaskElevatorArm.autoTask_INFO [0.314303207] <Event name="StateInfo" time="0.314071483" tag="vvvvv" TaskElevatorArm.state="ZERO_CALIBRATE" />
TaskElevatorArm.autoTask_INFO [0.320893026] <Event name="StateInfo" time="0.320702454" tag="^^^^^" TaskElevatorArm.state="ZERO_CALIBRATE" />
Elevator.motor.zeroCalibratingMotor_INFO [0.328059098] Limit switch triggered, zero calibration done.
CmdReefscapeAuto.cmdPeriodic_INFO [0.332001583] <Event name="StateInfo" time="0.331436143" tag="vvvvv" CmdReefscapeAuto.state="SCORE_PRELOAD" />
Elevator.motor.pidCtrlTask_INFO [0.336780911] Zero calibration done, event=(Elevator=CLEARED)
CmdReefscapeAuto.cmdPeriodic_INFO [0.340561589] ***** Score Preload.
Elevator.motor.pidCtrlTask_INFO [0.35008415] controlMode: Power,onTarget=false(0.0/null), stalled=false, expired=false, event=(Elevator=SIGNALED)
TaskAutoScoreCoral.autoScoreCoral_INFO [0.374856351] autoScoreCoral(owner=null, taskParams=(useVision=true,aprilTagId=10,reefLevel=3,scoreRightSide=true,removeAlgae=false,relocalize=true,alignOnly=false,powerLimit=0.2,scoreXOffset=7.0,scoreYOffset=-19.0), event=(CmdReefscapeAuto=CLEARED))
CmdReefscapeAuto.cmdPeriodic_INFO [0.39483723] <Event name="StateInfo" time="0.390347082" tag="^^^^^" CmdReefscapeAuto.state="SCORE_PRELOAD" />
TaskAutoScoreCoral.autoTask_INFO [0.419188681] <Event name="StateInfo" time="0.417867938" tag="vvvvv" TaskAutoScoreCoral.state="START" />
TaskElevatorArm.setCoralScorePosition_INFO [0.461889015] setCoralScorePosition(owner=null, taskParams=(action=SetCoralScorePosition,power=0.0,coralArmPos=148.0,elevatorPos=70.0,inAuto=false), event=(TaskAutoScoreCoral.elevatorArmEvent=CLEARED))
TaskAutoScoreCoral.runTaskState_INFO [0.468448922] ***** Using AprilTag Vision.
TaskAutoScoreCoral.autoTask_INFO [0.480119893] <Event name="StateInfo" time="0.478051354" tag="^^^^^" TaskAutoScoreCoral.state="START" />
TaskElevatorArm.autoTask_INFO [0.489125757] <Event name="StateInfo" time="0.486232686" tag="vvvvv" TaskElevatorArm.state="SET_CORAL_SCORE_POS" />
TaskElevatorArm.autoTask_INFO [0.506579481] <Event name="StateInfo" time="0.50494173" tag="^^^^^" TaskElevatorArm.state="SET_CORAL_SCORE_POS" />
TaskAutoScoreCoral.autoTask_INFO [0.51010173] <Event name="StateInfo" time="0.509203858" tag="vvvvv" TaskAutoScoreCoral.state="FIND_REEF_APRILTAG" />
TaskAutoScoreCoral.runTaskState_INFO [0.528190193] ***** Vision found AprilTag[10]: aprilTagPose=(x=-0.772078,y=65.571316,angle=-0.183585)
Robot.relocalizeRobotByAprilTag_INFO [0.530377283] >>>>> Re-localize robot: beforePose=(x=-158.499763,y=411.125128,angle=-0.020000), afterPose=(x=-157.932161,y=409.681687,angle=0.183585)
TaskAutoScoreCoral.autoTask_INFO [0.537940221] <Event name="StateInfo" time="0.534883157" tag="^^^^^" TaskAutoScoreCoral.state="FIND_REEF_APRILTAG" />
TaskElevatorArm.autoTask_INFO [0.544238149] <Event name="StateInfo" time="0.543981031" tag="vvvvv" TaskElevatorArm.state="CHECK_CORALARM_SAFETY_FOR_SCORE" />
TaskElevatorArm.autoTask_INFO [0.547390893] <Event name="StateInfo" time="0.546450236" tag="^^^^^" TaskElevatorArm.state="CHECK_CORALARM_SAFETY_FOR_SCORE" />
TaskAutoScoreCoral.autoTask_INFO [0.554939966] <Event name="StateInfo" time="0.554737838" tag="vvvvv" TaskAutoScoreCoral.state="APPROACH_REEF" />
TaskAutoScoreCoral.runTaskState_INFO [0.56127211] ***** Approaching Reef: targetPose=(x=6.288766,y=46.593843,angle=-0.183585)
purePursuitDrive.start_INFO [0.596503425] Path=TrcPath(degrees=true, [Waypoint(simple=true,index=0,pose=(x=-157.932443,y=409.681228,angle=0.113585),vel=0.0), Waypoint(simple=false,index=-1,timestep=0.6103974049179635,pose=(x=-153.826870,y=439.651326,angle=-0.004532),vel=54.93576644261671,encPos=0.0,accel=0.0,jerk=0.0), Waypoint(simple=true,index=1,pose=(x=-151.551321,y=456.262513,angle=-0.070000),vel=0.0)])
TaskAutoScoreCoral.autoTask_INFO [0.604305525] <Event name="StateInfo" time="0.601553069" tag="^^^^^" TaskAutoScoreCoral.state="APPROACH_REEF" />
TaskElevatorArm.autoTask_INFO [0.642115008] <Event name="StateInfo" time="0.641701779" tag="vvvvv" TaskElevatorArm.state="CHECK_CORALARM_SAFETY_FOR_SCORE" />
TaskElevatorArm.autoTask_INFO [0.648180702] <Event name="StateInfo" time="0.647976148" tag="^^^^^" TaskElevatorArm.state="CHECK_CORALARM_SAFETY_FOR_SCORE" />
CoralArm.motor.pidCtrlTask_INFO [1.894061801] controlMode: Position,onTarget=true(147.83203125/148.0), stalled=false, expired=false, event=(CoralArm=SIGNALED)
purePursuitDrive.driveTask_INFO [2.110692652] Done: index=2/3, stalled=false, timeout=false, posOnTarget=true, headingOnTarget=true, robotPose=(x=-151.849000,y=456.511296,angle=0.303586)
purePursuitDrive.driveTask_INFO [2.118035826] Signal completion event (TaskAutoScoreCoral.driveEvent=CLEARED).
Elevator.motor.pidCtrlTask_INFO [2.828287952] controlMode: Position,onTarget=true(69.86974325412658/70.0), stalled=false, expired=false, event=(Elevator=SIGNALED)
TaskElevatorArm.autoTask_INFO [2.846894116] <Event name="StateInfo" time="2.846632514" tag="vvvvv" TaskElevatorArm.state="DONE" />
TaskElevatorArm.stopSubsystems_INFO [2.856385685] Stopping subsystems.
TaskElevatorArm.autoTask_INFO [2.863415075] <Event name="StateInfo" time="2.863178751" tag="^^^^^" TaskElevatorArm.state="DONE" />
TaskAutoScoreCoral.autoTask_INFO [2.866615704] <Event name="StateInfo" time="2.866429911" tag="vvvvv" TaskAutoScoreCoral.state="SCORE_CORAL" />
TaskAutoScoreCoral.autoTask_INFO [2.915103664] <Event name="StateInfo" time="2.913538241" tag="^^^^^" TaskAutoScoreCoral.state="SCORE_CORAL" />
TaskAutoScoreCoral.autoTask_INFO [3.543698184] <Event name="StateInfo" time="3.543392242" tag="vvvvv" TaskAutoScoreCoral.state="DONE" />
TaskAutoScoreCoral.stopSubsystems_INFO [3.558264548] Stopping subsystems.
TaskElevatorArm.cancel_INFO [3.566473769] Canceling auto task operation.
TaskAutoScoreCoral.autoTask_INFO [3.570228759] <Event name="StateInfo" time="3.569345644" tag="^^^^^" TaskAutoScoreCoral.state="DONE" />
CmdReefscapeAuto.cmdPeriodic_INFO [3.577020131] <Event name="StateInfo" time="3.576784702" tag="vvvvv" CmdReefscapeAuto.state="GO_TO_CORAL_STATION" />
TaskElevatorArm.setCoralStationPickupPosition_INFO [3.584564607] setCoralStationPickupPosition(owner=null, taskParams=(action=SetCoralStationPickupPosition,power=0.0,coralArmPos=-43.5,elevatorPos=43.5,inAuto=true), event=null)
CmdReefscapeAuto.cmdPeriodic_INFO [3.58928876] <Event name="StateInfo" time="3.588696076" tag="^^^^^" CmdReefscapeAuto.state="GO_TO_CORAL_STATION" />
TaskElevatorArm.autoTask_INFO [3.592494392] <Event name="StateInfo" time="3.59227173" tag="vvvvv" TaskElevatorArm.state="SET_CORAL_STATION_PICKUP_POS" />
TaskElevatorArm.autoTask_INFO [3.599767172] <Event name="StateInfo" time="3.599573573" tag="^^^^^" TaskElevatorArm.state="SET_CORAL_STATION_PICKUP_POS" />
CmdReefscapeAuto.cmdPeriodic_INFO [3.603661844] <Event name="StateInfo" time="3.603456381" tag="vvvvv" CmdReefscapeAuto.state="DONE" />
CmdReefscapeAuto.cmdPeriodic_INFO [3.608868111] <Event name="StateInfo" time="3.607614967" tag="^^^^^" CmdReefscapeAuto.state="DONE" />
TaskElevatorArm.autoTask_INFO [3.61180818] <Event name="StateInfo" time="3.611613992" tag="vvvvv" TaskElevatorArm.state="CHECK_ELEVATOR_SAFETY_FOR_PICKUP" />
TaskElevatorArm.autoTask_INFO [3.615484516] <Event name="StateInfo" time="3.614950772" tag="^^^^^" TaskElevatorArm.state="CHECK_ELEVATOR_SAFETY_FOR_PICKUP" />
TaskElevatorArm.autoTask_INFO [3.62344404] <Event name="StateInfo" time="3.62256846" tag="vvvvv" TaskElevatorArm.state="CHECK_ELEVATOR_SAFETY_FOR_PICKUP" />
TaskElevatorArm.autoTask_INFO [3.626214453] <Event name="StateInfo" time="3.626005553" tag="^^^^^" TaskElevatorArm.state="CHECK_ELEVATOR_SAFETY_FOR_PICKUP" />
TaskElevatorArm.autoTask_INFO [3.633263172] <Event name="StateInfo" time="3.632159486" tag="vvvvv" TaskElevatorArm.state="CHECK_ELEVATOR_SAFETY_FOR_PICKUP" />
TaskElevatorArm.autoTask_INFO [3.636439874] <Event name="StateInfo" time="3.635688411" tag="^^^^^" TaskElevatorArm.state="CHECK_ELEVATOR_SAFETY_FOR_PICKUP" />
TaskElevatorArm.autoTask_INFO [3.643041153] <Event name="StateInfo" time="3.642838764" tag="vvvvv" TaskElevatorArm.state="CHECK_ELEVATOR_SAFETY_FOR_PICKUP" />
TaskElevatorArm.autoTask_INFO [3.646461608] <Event name="StateInfo" time="3.645646291" tag="^^^^^" TaskElevatorArm.state="CHECK_ELEVATOR_SAFETY_FOR_PICKUP" />
TaskElevatorArm.autoTask_INFO [3.652955941] <Event name="StateInfo" time="3.652017543" tag="vvvvv" TaskElevatorArm.state="CHECK_ELEVATOR_SAFETY_FOR_PICKUP" />
TaskElevatorArm.autoTask_INFO [3.657507615] <Event name="StateInfo" time="3.657301217" tag="^^^^^" TaskElevatorArm.state="CHECK_ELEVATOR_SAFETY_FOR_PICKUP" />
TaskElevatorArm.autoTask_INFO [3.670275301] <Event name="StateInfo" time="3.6700754" tag="vvvvv" TaskElevatorArm.state="CHECK_ELEVATOR_SAFETY_FOR_PICKUP" />
TaskElevatorArm.autoTask_INFO [3.674799827] <Event name="StateInfo" time="3.67394914" tag="^^^^^" TaskElevatorArm.state="CHECK_ELEVATOR_SAFETY_FOR_PICKUP" />
TaskElevatorArm.autoTask_INFO [3.681750474] <Event name="StateInfo" time="3.681260187" tag="vvvvv" TaskElevatorArm.state="CHECK_ELEVATOR_SAFETY_FOR_PICKUP" />
TaskElevatorArm.autoTask_INFO [3.684508787] <Event name="StateInfo" time="3.684286591" tag="^^^^^" TaskElevatorArm.state="CHECK_ELEVATOR_SAFETY_FOR_PICKUP" />
TaskElevatorArm.autoTask_INFO [3.691705658] <Event name="StateInfo" time="3.690764812" tag="vvvvv" TaskElevatorArm.state="CHECK_ELEVATOR_SAFETY_FOR_PICKUP" />
TaskElevatorArm.autoTask_INFO [3.697294875] <Event name="StateInfo" time="3.695162272" tag="^^^^^" TaskElevatorArm.state="CHECK_ELEVATOR_SAFETY_FOR_PICKUP" />
TaskElevatorArm.autoTask_INFO [3.703238743] <Event name="StateInfo" time="3.703043686" tag="vvvvv" TaskElevatorArm.state="CHECK_ELEVATOR_SAFETY_FOR_PICKUP" />
TaskElevatorArm.autoTask_INFO [3.706797394] <Event name="StateInfo" time="3.70603391" tag="^^^^^" TaskElevatorArm.state="CHECK_ELEVATOR_SAFETY_FOR_PICKUP" />
TaskElevatorArm.autoTask_INFO [3.710886029] <Event name="StateInfo" time="3.710692876" tag="vvvvv" TaskElevatorArm.state="CHECK_ELEVATOR_SAFETY_FOR_PICKUP" />
TaskElevatorArm.autoTask_INFO [3.717486007] <Event name="StateInfo" time="3.717040813" tag="^^^^^" TaskElevatorArm.state="CHECK_ELEVATOR_SAFETY_FOR_PICKUP" />
TaskElevatorArm.autoTask_INFO [3.72313641] <Event name="StateInfo" time="3.722911352" tag="vvvvv" TaskElevatorArm.state="CHECK_ELEVATOR_SAFETY_FOR_PICKUP" />
TaskElevatorArm.autoTask_INFO [3.726277377] <Event name="StateInfo" time="3.726097264" tag="^^^^^" TaskElevatorArm.state="CHECK_ELEVATOR_SAFETY_FOR_PICKUP" />
TaskElevatorArm.autoTask_INFO [3.733655252] <Event name="StateInfo" time="3.732502798" tag="vvvvv" TaskElevatorArm.state="CHECK_ELEVATOR_SAFETY_FOR_PICKUP" />
TaskElevatorArm.autoTask_INFO [3.736019455] <Event name="StateInfo" time="3.735828346" tag="^^^^^" TaskElevatorArm.state="CHECK_ELEVATOR_SAFETY_FOR_PICKUP" />
TaskElevatorArm.autoTask_INFO [3.742948929] <Event name="StateInfo" time="3.741982539" tag="vvvvv" TaskElevatorArm.state="CHECK_ELEVATOR_SAFETY_FOR_PICKUP" />
TaskElevatorArm.autoTask_INFO [3.745735438] <Event name="StateInfo" time="3.745538234" tag="^^^^^" TaskElevatorArm.state="CHECK_ELEVATOR_SAFETY_FOR_PICKUP" />
TaskElevatorArm.autoTask_INFO [3.752008569] <Event name="StateInfo" time="3.749868623" tag="vvvvv" TaskElevatorArm.state="CHECK_ELEVATOR_SAFETY_FOR_PICKUP" />
TaskElevatorArm.autoTask_INFO [3.75492664] <Event name="StateInfo" time="3.754732669" tag="^^^^^" TaskElevatorArm.state="CHECK_ELEVATOR_SAFETY_FOR_PICKUP" />
TaskElevatorArm.autoTask_INFO [3.76156263] <Event name="StateInfo" time="3.76071498" tag="vvvvv" TaskElevatorArm.state="CHECK_ELEVATOR_SAFETY_FOR_PICKUP" />
TaskElevatorArm.autoTask_INFO [3.764434907] <Event name="StateInfo" time="3.764212565" tag="^^^^^" TaskElevatorArm.state="CHECK_ELEVATOR_SAFETY_FOR_PICKUP" />
TaskElevatorArm.autoTask_INFO [3.781096016] <Event name="StateInfo" time="3.779999075" tag="vvvvv" TaskElevatorArm.state="CHECK_ELEVATOR_SAFETY_FOR_PICKUP" />
TaskElevatorArm.autoTask_INFO [3.784674144] <Event name="StateInfo" time="3.783839158" tag="^^^^^" TaskElevatorArm.state="CHECK_ELEVATOR_SAFETY_FOR_PICKUP" />
TaskElevatorArm.autoTask_INFO [3.788688527] <Event name="StateInfo" time="3.788514222" tag="vvvvv" TaskElevatorArm.state="CHECK_ELEVATOR_SAFETY_FOR_PICKUP" />
TaskElevatorArm.autoTask_INFO [3.802307699] <Event name="StateInfo" time="3.801313946" tag="^^^^^" TaskElevatorArm.state="CHECK_ELEVATOR_SAFETY_FOR_PICKUP" />
TaskElevatorArm.autoTask_INFO [3.807902602] <Event name="StateInfo" time="3.807650572" tag="vvvvv" TaskElevatorArm.state="CHECK_ELEVATOR_SAFETY_FOR_PICKUP" />
TaskElevatorArm.autoTask_INFO [3.811710304] <Event name="StateInfo" time="3.81108782" tag="^^^^^" TaskElevatorArm.state="CHECK_ELEVATOR_SAFETY_FOR_PICKUP" />
TaskElevatorArm.autoTask_INFO [3.81793958] <Event name="StateInfo" time="3.816982178" tag="vvvvv" TaskElevatorArm.state="CHECK_ELEVATOR_SAFETY_FOR_PICKUP" />
TaskElevatorArm.autoTask_INFO [3.821928468] <Event name="StateInfo" time="3.821282318" tag="^^^^^" TaskElevatorArm.state="CHECK_ELEVATOR_SAFETY_FOR_PICKUP" />
TaskElevatorArm.autoTask_INFO [3.82768559] <Event name="StateInfo" time="3.827502632" tag="vvvvv" TaskElevatorArm.state="CHECK_ELEVATOR_SAFETY_FOR_PICKUP" />
TaskElevatorArm.autoTask_INFO [3.831292368] <Event name="StateInfo" time="3.831089529" tag="^^^^^" TaskElevatorArm.state="CHECK_ELEVATOR_SAFETY_FOR_PICKUP" />
TaskElevatorArm.autoTask_INFO [3.838357435] <Event name="StateInfo" time="3.837061751" tag="vvvvv" TaskElevatorArm.state="CHECK_ELEVATOR_SAFETY_FOR_PICKUP" />
TaskElevatorArm.autoTask_INFO [3.841401348] <Event name="StateInfo" time="3.841194138" tag="^^^^^" TaskElevatorArm.state="CHECK_ELEVATOR_SAFETY_FOR_PICKUP" />
TaskElevatorArm.autoTask_INFO [3.845037653] <Event name="StateInfo" time="3.844839443" tag="vvvvv" TaskElevatorArm.state="CHECK_ELEVATOR_SAFETY_FOR_PICKUP" />
TaskElevatorArm.autoTask_INFO [3.850698427] <Event name="StateInfo" time="3.850006075" tag="^^^^^" TaskElevatorArm.state="CHECK_ELEVATOR_SAFETY_FOR_PICKUP" />
TaskElevatorArm.autoTask_INFO [3.854934831] <Event name="StateInfo" time="3.854737984" tag="vvvvv" TaskElevatorArm.state="CHECK_ELEVATOR_SAFETY_FOR_PICKUP" />
TaskElevatorArm.autoTask_INFO [3.860011585] <Event name="StateInfo" time="3.859509231" tag="^^^^^" TaskElevatorArm.state="CHECK_ELEVATOR_SAFETY_FOR_PICKUP" />
TaskElevatorArm.autoTask_INFO [3.865797138] <Event name="StateInfo" time="3.865601638" tag="vvvvv" TaskElevatorArm.state="CHECK_ELEVATOR_SAFETY_FOR_PICKUP" />
TaskElevatorArm.autoTask_INFO [3.869829898] <Event name="StateInfo" time="3.868886557" tag="^^^^^" TaskElevatorArm.state="CHECK_ELEVATOR_SAFETY_FOR_PICKUP" />
TaskElevatorArm.autoTask_INFO [3.888867007] <Event name="StateInfo" time="3.887636421" tag="vvvvv" TaskElevatorArm.state="CHECK_ELEVATOR_SAFETY_FOR_PICKUP" />
TaskElevatorArm.autoTask_INFO [3.892402094] <Event name="StateInfo" time="3.891387838" tag="^^^^^" TaskElevatorArm.state="CHECK_ELEVATOR_SAFETY_FOR_PICKUP" />
TaskElevatorArm.autoTask_INFO [3.896302803] <Event name="StateInfo" time="3.89609946" tag="vvvvv" TaskElevatorArm.state="CHECK_ELEVATOR_SAFETY_FOR_PICKUP" />
TaskElevatorArm.autoTask_INFO [3.903180647] <Event name="StateInfo" time="3.902528984" tag="^^^^^" TaskElevatorArm.state="CHECK_ELEVATOR_SAFETY_FOR_PICKUP" />
TaskElevatorArm.autoTask_INFO [3.910456762] <Event name="StateInfo" time="3.909014775" tag="vvvvv" TaskElevatorArm.state="CHECK_ELEVATOR_SAFETY_FOR_PICKUP" />
TaskElevatorArm.autoTask_INFO [3.915280623] <Event name="StateInfo" time="3.914282034" tag="^^^^^" TaskElevatorArm.state="CHECK_ELEVATOR_SAFETY_FOR_PICKUP" />
TaskElevatorArm.autoTask_INFO [3.923241606] <Event name="StateInfo" time="3.922002945" tag="vvvvv" TaskElevatorArm.state="CHECK_ELEVATOR_SAFETY_FOR_PICKUP" />
TaskElevatorArm.autoTask_INFO [3.926264482] <Event name="StateInfo" time="3.92606695" tag="^^^^^" TaskElevatorArm.state="CHECK_ELEVATOR_SAFETY_FOR_PICKUP" />
TaskElevatorArm.autoTask_INFO [3.942605339] <Event name="StateInfo" time="3.941249286" tag="vvvvv" TaskElevatorArm.state="CHECK_ELEVATOR_SAFETY_FOR_PICKUP" />
TaskElevatorArm.autoTask_INFO [3.946131262] <Event name="StateInfo" time="3.94587563" tag="^^^^^" TaskElevatorArm.state="CHECK_ELEVATOR_SAFETY_FOR_PICKUP" />
TaskElevatorArm.autoTask_INFO [3.954398764] <Event name="StateInfo" time="3.954198805" tag="vvvvv" TaskElevatorArm.state="CHECK_ELEVATOR_SAFETY_FOR_PICKUP" />
TaskElevatorArm.autoTask_INFO [3.958390243] <Event name="StateInfo" time="3.958190392" tag="^^^^^" TaskElevatorArm.state="CHECK_ELEVATOR_SAFETY_FOR_PICKUP" />
TaskElevatorArm.autoTask_INFO [3.965572929] <Event name="StateInfo" time="3.963537934" tag="vvvvv" TaskElevatorArm.state="CHECK_ELEVATOR_SAFETY_FOR_PICKUP" />
TaskElevatorArm.autoTask_INFO [3.970549352] <Event name="StateInfo" time="3.968399485" tag="^^^^^" TaskElevatorArm.state="CHECK_ELEVATOR_SAFETY_FOR_PICKUP" />
TaskElevatorArm.autoTask_INFO [3.977416749] <Event name="StateInfo" time="3.977201367" tag="vvvvv" TaskElevatorArm.state="CHECK_ELEVATOR_SAFETY_FOR_PICKUP" />
TaskElevatorArm.autoTask_INFO [3.98404029] <Event name="StateInfo" time="3.983836511" tag="^^^^^" TaskElevatorArm.state="CHECK_ELEVATOR_SAFETY_FOR_PICKUP" />
TaskElevatorArm.autoTask_INFO [3.992282354] <Event name="StateInfo" time="3.991789848" tag="vvvvv" TaskElevatorArm.state="CHECK_ELEVATOR_SAFETY_FOR_PICKUP" />
TaskElevatorArm.autoTask_INFO [3.997679654] <Event name="StateInfo" time="3.996895678" tag="^^^^^" TaskElevatorArm.state="CHECK_ELEVATOR_SAFETY_FOR_PICKUP" />
TaskElevatorArm.autoTask_INFO [4.017441734] <Event name="StateInfo" time="4.016811508" tag="vvvvv" TaskElevatorArm.state="CHECK_ELEVATOR_SAFETY_FOR_PICKUP" />
TaskElevatorArm.autoTask_INFO [4.022185904] <Event name="StateInfo" time="4.0201459" tag="^^^^^" TaskElevatorArm.state="CHECK_ELEVATOR_SAFETY_FOR_PICKUP" />
TaskElevatorArm.autoTask_INFO [4.03159636] <Event name="StateInfo" time="4.03138813" tag="vvvvv" TaskElevatorArm.state="CHECK_ELEVATOR_SAFETY_FOR_PICKUP" />
TaskElevatorArm.autoTask_INFO [4.038221807] <Event name="StateInfo" time="4.038010028" tag="^^^^^" TaskElevatorArm.state="CHECK_ELEVATOR_SAFETY_FOR_PICKUP" />
TaskElevatorArm.autoTask_INFO [4.046129055] <Event name="StateInfo" time="4.044765769" tag="vvvvv" TaskElevatorArm.state="CHECK_ELEVATOR_SAFETY_FOR_PICKUP" />
TaskElevatorArm.autoTask_INFO [4.051605336] <Event name="StateInfo" time="4.050129929" tag="^^^^^" TaskElevatorArm.state="CHECK_ELEVATOR_SAFETY_FOR_PICKUP" />
TaskElevatorArm.autoTask_INFO [4.06101341] <Event name="StateInfo" time="4.060815403" tag="vvvvv" TaskElevatorArm.state="CHECK_ELEVATOR_SAFETY_FOR_PICKUP" />
TaskElevatorArm.autoTask_INFO [4.065726977] <Event name="StateInfo" time="4.065391351" tag="^^^^^" TaskElevatorArm.state="CHECK_ELEVATOR_SAFETY_FOR_PICKUP" />
TaskElevatorArm.autoTask_INFO [4.079709435] <Event name="StateInfo" time="4.079494091" tag="vvvvv" TaskElevatorArm.state="CHECK_ELEVATOR_SAFETY_FOR_PICKUP" />
TaskElevatorArm.autoTask_INFO [4.083769732] <Event name="StateInfo" time="4.083575378" tag="^^^^^" TaskElevatorArm.state="CHECK_ELEVATOR_SAFETY_FOR_PICKUP" />
TaskElevatorArm.autoTask_INFO [4.09190795] <Event name="StateInfo" time="4.091694359" tag="vvvvv" TaskElevatorArm.state="CHECK_ELEVATOR_SAFETY_FOR_PICKUP" />
TaskElevatorArm.autoTask_INFO [4.097913756] <Event name="StateInfo" time="4.096554994" tag="^^^^^" TaskElevatorArm.state="CHECK_ELEVATOR_SAFETY_FOR_PICKUP" />
TaskElevatorArm.autoTask_INFO [4.10652651] <Event name="StateInfo" time="4.106337131" tag="vvvvv" TaskElevatorArm.state="CHECK_ELEVATOR_SAFETY_FOR_PICKUP" />
TaskElevatorArm.autoTask_INFO [4.109584871] <Event name="StateInfo" time="4.109194514" tag="^^^^^" TaskElevatorArm.state="CHECK_ELEVATOR_SAFETY_FOR_PICKUP" />
TaskElevatorArm.autoTask_INFO [4.145282557] <Event name="StateInfo" time="4.141667232" tag="vvvvv" TaskElevatorArm.state="CHECK_ELEVATOR_SAFETY_FOR_PICKUP" />
TaskElevatorArm.autoTask_INFO [4.151371496] <Event name="StateInfo" time="4.149552587" tag="^^^^^" TaskElevatorArm.state="CHECK_ELEVATOR_SAFETY_FOR_PICKUP" />
TaskElevatorArm.autoTask_INFO [4.162861018] <Event name="StateInfo" time="4.162652384" tag="vvvvv" TaskElevatorArm.state="CHECK_ELEVATOR_SAFETY_FOR_PICKUP" />
TaskElevatorArm.autoTask_INFO [4.167808983] <Event name="StateInfo" time="4.167196881" tag="^^^^^" TaskElevatorArm.state="CHECK_ELEVATOR_SAFETY_FOR_PICKUP" />
TaskElevatorArm.autoTask_INFO [4.176287036] <Event name="StateInfo" time="4.175629143" tag="vvvvv" TaskElevatorArm.state="CHECK_ELEVATOR_SAFETY_FOR_PICKUP" />
TaskElevatorArm.autoTask_INFO [4.185613815] <Event name="StateInfo" time="4.184566658" tag="^^^^^" TaskElevatorArm.state="CHECK_ELEVATOR_SAFETY_FOR_PICKUP" />
TaskElevatorArm.autoTask_INFO [4.190313361] <Event name="StateInfo" time="4.190127936" tag="vvvvv" TaskElevatorArm.state="CHECK_ELEVATOR_SAFETY_FOR_PICKUP" />
TaskElevatorArm.autoTask_INFO [4.197585534] <Event name="StateInfo" time="4.19736884" tag="^^^^^" TaskElevatorArm.state="CHECK_ELEVATOR_SAFETY_FOR_PICKUP" />
TaskElevatorArm.autoTask_INFO [4.205000778] <Event name="StateInfo" time="4.202776361" tag="vvvvv" TaskElevatorArm.state="CHECK_ELEVATOR_SAFETY_FOR_PICKUP" />
TaskElevatorArm.autoTask_INFO [4.208017774] <Event name="StateInfo" time="4.207830304" tag="^^^^^" TaskElevatorArm.state="CHECK_ELEVATOR_SAFETY_FOR_PICKUP" />
TaskElevatorArm.autoTask_INFO [4.216332507] <Event name="StateInfo" time="4.215783244" tag="vvvvv" TaskElevatorArm.state="CHECK_ELEVATOR_SAFETY_FOR_PICKUP" />
TaskElevatorArm.autoTask_INFO [4.219502032] <Event name="StateInfo" time="4.219291372" tag="^^^^^" TaskElevatorArm.state="CHECK_ELEVATOR_SAFETY_FOR_PICKUP" />
TaskElevatorArm.autoTask_INFO [4.241532021] <Event name="StateInfo" time="4.241323954" tag="vvvvv" TaskElevatorArm.state="CHECK_ELEVATOR_SAFETY_FOR_PICKUP" />
TaskElevatorArm.autoTask_INFO [4.247592584] <Event name="StateInfo" time="4.24528371" tag="^^^^^" TaskElevatorArm.state="CHECK_ELEVATOR_SAFETY_FOR_PICKUP" />
TaskElevatorArm.autoTask_INFO [4.256150483] <Event name="StateInfo" time="4.255950194" tag="vvvvv" TaskElevatorArm.state="CHECK_ELEVATOR_SAFETY_FOR_PICKUP" />
TaskElevatorArm.autoTask_INFO [4.260350922] <Event name="StateInfo" time="4.260159992" tag="^^^^^" TaskElevatorArm.state="CHECK_ELEVATOR_SAFETY_FOR_PICKUP" />
TaskElevatorArm.autoTask_INFO [4.267448093] <Event name="StateInfo" time="4.26721242" tag="vvvvv" TaskElevatorArm.state="CHECK_ELEVATOR_SAFETY_FOR_PICKUP" />
TaskElevatorArm.autoTask_INFO [4.27384209] <Event name="StateInfo" time="4.27128487" tag="^^^^^" TaskElevatorArm.state="CHECK_ELEVATOR_SAFETY_FOR_PICKUP" />
TaskElevatorArm.autoTask_INFO [4.287706032] <Event name="StateInfo" time="4.287415761" tag="vvvvv" TaskElevatorArm.state="CHECK_ELEVATOR_SAFETY_FOR_PICKUP" />
TaskElevatorArm.autoTask_INFO [4.290835579] <Event name="StateInfo" time="4.290537905" tag="^^^^^" TaskElevatorArm.state="CHECK_ELEVATOR_SAFETY_FOR_PICKUP" />
TaskElevatorArm.autoTask_INFO [4.296425722] <Event name="StateInfo" time="4.296220263" tag="vvvvv" TaskElevatorArm.state="CHECK_ELEVATOR_SAFETY_FOR_PICKUP" />
TaskElevatorArm.autoTask_INFO [4.29946138] <Event name="StateInfo" time="4.299230209" tag="^^^^^" TaskElevatorArm.state="CHECK_ELEVATOR_SAFETY_FOR_PICKUP" />
TaskElevatorArm.autoTask_INFO [4.305423534] <Event name="StateInfo" time="4.303559666" tag="vvvvv" TaskElevatorArm.state="CHECK_ELEVATOR_SAFETY_FOR_PICKUP" />
TaskElevatorArm.autoTask_INFO [4.309363383] <Event name="StateInfo" time="4.30916167" tag="^^^^^" TaskElevatorArm.state="CHECK_ELEVATOR_SAFETY_FOR_PICKUP" />
TaskElevatorArm.autoTask_INFO [4.31589001] <Event name="StateInfo" time="4.315692497" tag="vvvvv" TaskElevatorArm.state="CHECK_ELEVATOR_SAFETY_FOR_PICKUP" />
TaskElevatorArm.autoTask_INFO [4.319061687] <Event name="StateInfo" time="4.318860179" tag="^^^^^" TaskElevatorArm.state="CHECK_ELEVATOR_SAFETY_FOR_PICKUP" />
TaskElevatorArm.autoTask_INFO [4.324942744] <Event name="StateInfo" time="4.32460123" tag="vvvvv" TaskElevatorArm.state="CHECK_ELEVATOR_SAFETY_FOR_PICKUP" />
TaskElevatorArm.autoTask_INFO [4.328048173] <Event name="StateInfo" time="4.327676027" tag="^^^^^" TaskElevatorArm.state="CHECK_ELEVATOR_SAFETY_FOR_PICKUP" />
TaskElevatorArm.autoTask_INFO [4.335056498] <Event name="StateInfo" time="4.334097892" tag="vvvvv" TaskElevatorArm.state="CHECK_ELEVATOR_SAFETY_FOR_PICKUP" />
TaskElevatorArm.autoTask_INFO [4.338104581] <Event name="StateInfo" time="4.337290568" tag="^^^^^" TaskElevatorArm.state="CHECK_ELEVATOR_SAFETY_FOR_PICKUP" />
TaskElevatorArm.autoTask_INFO [4.353878568] <Event name="StateInfo" time="4.35294749" tag="vvvvv" TaskElevatorArm.state="CHECK_ELEVATOR_SAFETY_FOR_PICKUP" />
TaskElevatorArm.autoTask_INFO [4.357005138] <Event name="StateInfo" time="4.356160862" tag="^^^^^" TaskElevatorArm.state="CHECK_ELEVATOR_SAFETY_FOR_PICKUP" />
TaskElevatorArm.autoTask_INFO [4.363727917] <Event name="StateInfo" time="4.363546703" tag="vvvvv" TaskElevatorArm.state="CHECK_ELEVATOR_SAFETY_FOR_PICKUP" />
TaskElevatorArm.autoTask_INFO [4.367452698] <Event name="StateInfo" time="4.366778767" tag="^^^^^" TaskElevatorArm.state="CHECK_ELEVATOR_SAFETY_FOR_PICKUP" />
TaskElevatorArm.autoTask_INFO [4.374056794] <Event name="StateInfo" time="4.373841415" tag="vvvvv" TaskElevatorArm.state="CHECK_ELEVATOR_SAFETY_FOR_PICKUP" />
TaskElevatorArm.autoTask_INFO [4.378321835] <Event name="StateInfo" time="4.377464732" tag="^^^^^" TaskElevatorArm.state="CHECK_ELEVATOR_SAFETY_FOR_PICKUP" />
TaskElevatorArm.autoTask_INFO [4.386084861] <Event name="StateInfo" time="4.385256561" tag="vvvvv" TaskElevatorArm.state="CHECK_ELEVATOR_SAFETY_FOR_PICKUP" />
TaskElevatorArm.autoTask_INFO [4.389497476] <Event name="StateInfo" time="4.389303589" tag="^^^^^" TaskElevatorArm.state="CHECK_ELEVATOR_SAFETY_FOR_PICKUP" />
TaskElevatorArm.autoTask_INFO [4.398520302] <Event name="StateInfo" time="4.397496822" tag="vvvvv" TaskElevatorArm.state="CHECK_ELEVATOR_SAFETY_FOR_PICKUP" />
TaskElevatorArm.autoTask_INFO [4.406102767] <Event name="StateInfo" time="4.405510556" tag="^^^^^" TaskElevatorArm.state="CHECK_ELEVATOR_SAFETY_FOR_PICKUP" />
TaskElevatorArm.autoTask_INFO [4.415753071] <Event name="StateInfo" time="4.414379202" tag="vvvvv" TaskElevatorArm.state="CHECK_ELEVATOR_SAFETY_FOR_PICKUP" />
TaskElevatorArm.autoTask_INFO [4.419119241] <Event name="StateInfo" time="4.418932865" tag="^^^^^" TaskElevatorArm.state="CHECK_ELEVATOR_SAFETY_FOR_PICKUP" />
TaskElevatorArm.autoTask_INFO [4.425377525] <Event name="StateInfo" time="4.425183328" tag="vvvvv" TaskElevatorArm.state="CHECK_ELEVATOR_SAFETY_FOR_PICKUP" />
TaskElevatorArm.autoTask_INFO [4.430897334] <Event name="StateInfo" time="4.429366166" tag="^^^^^" TaskElevatorArm.state="CHECK_ELEVATOR_SAFETY_FOR_PICKUP" />
TaskElevatorArm.autoTask_INFO [4.438119522] <Event name="StateInfo" time="4.43791981" tag="vvvvv" TaskElevatorArm.state="CHECK_ELEVATOR_SAFETY_FOR_PICKUP" />
TaskElevatorArm.autoTask_INFO [4.443324234] <Event name="StateInfo" time="4.441404061" tag="^^^^^" TaskElevatorArm.state="CHECK_ELEVATOR_SAFETY_FOR_PICKUP" />
TaskElevatorArm.autoTask_INFO [4.465738615] <Event name="StateInfo" time="4.463501671" tag="vvvvv" TaskElevatorArm.state="CHECK_ELEVATOR_SAFETY_FOR_PICKUP" />
TaskElevatorArm.autoTask_INFO [4.468137435] <Event name="StateInfo" time="4.467482757" tag="^^^^^" TaskElevatorArm.state="CHECK_ELEVATOR_SAFETY_FOR_PICKUP" />
TaskElevatorArm.autoTask_INFO [4.479106312] <Event name="StateInfo" time="4.477747241" tag="vvvvv" TaskElevatorArm.state="CHECK_ELEVATOR_SAFETY_FOR_PICKUP" />
TaskElevatorArm.autoTask_INFO [4.483680752] <Event name="StateInfo" time="4.482113769" tag="^^^^^" TaskElevatorArm.state="CHECK_ELEVATOR_SAFETY_FOR_PICKUP" />
TaskElevatorArm.autoTask_INFO [4.500261574] <Event name="StateInfo" time="4.500066417" tag="vvvvv" TaskElevatorArm.state="CHECK_ELEVATOR_SAFETY_FOR_PICKUP" />
TaskElevatorArm.autoTask_INFO [4.504786045] <Event name="StateInfo" time="4.504087061" tag="^^^^^" TaskElevatorArm.state="CHECK_ELEVATOR_SAFETY_FOR_PICKUP" />
TaskElevatorArm.autoTask_INFO [4.50982149] <Event name="StateInfo" time="4.509541412" tag="vvvvv" TaskElevatorArm.state="CHECK_ELEVATOR_SAFETY_FOR_PICKUP" />
TaskElevatorArm.autoTask_INFO [4.514133512] <Event name="StateInfo" time="4.513675158" tag="^^^^^" TaskElevatorArm.state="CHECK_ELEVATOR_SAFETY_FOR_PICKUP" />
TaskElevatorArm.autoTask_INFO [4.52471748] <Event name="StateInfo" time="4.524501909" tag="vvvvv" TaskElevatorArm.state="CHECK_ELEVATOR_SAFETY_FOR_PICKUP" />
TaskElevatorArm.autoTask_INFO [4.527909926] <Event name="StateInfo" time="4.527700219" tag="^^^^^" TaskElevatorArm.state="CHECK_ELEVATOR_SAFETY_FOR_PICKUP" />
TaskElevatorArm.autoTask_INFO [4.542195298] <Event name="StateInfo" time="4.542004736" tag="vvvvv" TaskElevatorArm.state="CHECK_ELEVATOR_SAFETY_FOR_PICKUP" />
TaskElevatorArm.autoTask_INFO [4.546777478] <Event name="StateInfo" time="4.544955901" tag="^^^^^" TaskElevatorArm.state="CHECK_ELEVATOR_SAFETY_FOR_PICKUP" />
TaskElevatorArm.autoTask_INFO [4.556854108] <Event name="StateInfo" time="4.555387854" tag="vvvvv" TaskElevatorArm.state="CHECK_ELEVATOR_SAFETY_FOR_PICKUP" />
TaskElevatorArm.autoTask_INFO [4.561584209] <Event name="StateInfo" time="4.559402793" tag="^^^^^" TaskElevatorArm.state="CHECK_ELEVATOR_SAFETY_FOR_PICKUP" />
TaskElevatorArm.autoTask_INFO [4.588575387] <Event name="StateInfo" time="4.587192647" tag="vvvvv" TaskElevatorArm.state="CHECK_ELEVATOR_SAFETY_FOR_PICKUP" />
TaskElevatorArm.autoTask_INFO [4.595091417] <Event name="StateInfo" time="4.594707181" tag="^^^^^" TaskElevatorArm.state="CHECK_ELEVATOR_SAFETY_FOR_PICKUP" />
TaskElevatorArm.autoTask_INFO [4.609261123] <Event name="StateInfo" time="4.608058199" tag="vvvvv" TaskElevatorArm.state="CHECK_ELEVATOR_SAFETY_FOR_PICKUP" />
TaskElevatorArm.autoTask_INFO [4.612748171] <Event name="StateInfo" time="4.612534949" tag="^^^^^" TaskElevatorArm.state="CHECK_ELEVATOR_SAFETY_FOR_PICKUP" />
TaskElevatorArm.autoTask_INFO [4.628362472] <Event name="StateInfo" time="4.626722245" tag="vvvvv" TaskElevatorArm.state="CHECK_ELEVATOR_SAFETY_FOR_PICKUP" />
TaskElevatorArm.autoTask_INFO [4.632255106] <Event name="StateInfo" time="4.629848146" tag="^^^^^" TaskElevatorArm.state="CHECK_ELEVATOR_SAFETY_FOR_PICKUP" />
TaskElevatorArm.autoTask_INFO [4.646182006] <Event name="StateInfo" time="4.644551568" tag="vvvvv" TaskElevatorArm.state="CHECK_ELEVATOR_SAFETY_FOR_PICKUP" />
TaskElevatorArm.autoTask_INFO [4.650554042] <Event name="StateInfo" time="4.650250856" tag="^^^^^" TaskElevatorArm.state="CHECK_ELEVATOR_SAFETY_FOR_PICKUP" />
TaskElevatorArm.autoTask_INFO [4.663444549] <Event name="StateInfo" time="4.659015233" tag="vvvvv" TaskElevatorArm.state="CHECK_ELEVATOR_SAFETY_FOR_PICKUP" />
TaskElevatorArm.autoTask_INFO [4.667316127] <Event name="StateInfo" time="4.667108382" tag="^^^^^" TaskElevatorArm.state="CHECK_ELEVATOR_SAFETY_FOR_PICKUP" />
TaskElevatorArm.autoTask_INFO [4.695673009] <Event name="StateInfo" time="4.694346372" tag="vvvvv" TaskElevatorArm.state="CHECK_ELEVATOR_SAFETY_FOR_PICKUP" />
TaskElevatorArm.autoTask_INFO [4.701400305] <Event name="StateInfo" time="4.700555948" tag="^^^^^" TaskElevatorArm.state="CHECK_ELEVATOR_SAFETY_FOR_PICKUP" />
TaskElevatorArm.autoTask_INFO [4.71148697] <Event name="StateInfo" time="4.710704173" tag="vvvvv" TaskElevatorArm.state="CHECK_ELEVATOR_SAFETY_FOR_PICKUP" />
TaskElevatorArm.autoTask_INFO [4.718010389] <Event name="StateInfo" time="4.716472824" tag="^^^^^" TaskElevatorArm.state="CHECK_ELEVATOR_SAFETY_FOR_PICKUP" />
TaskElevatorArm.autoTask_INFO [4.7243636] <Event name="StateInfo" time="4.723230248" tag="vvvvv" TaskElevatorArm.state="CHECK_ELEVATOR_SAFETY_FOR_PICKUP" />
TaskElevatorArm.autoTask_INFO [4.727878472] <Event name="StateInfo" time="4.726852453" tag="^^^^^" TaskElevatorArm.state="CHECK_ELEVATOR_SAFETY_FOR_PICKUP" />
TaskElevatorArm.autoTask_INFO [4.735459716] <Event name="StateInfo" time="4.735258756" tag="vvvvv" TaskElevatorArm.state="CHECK_ELEVATOR_SAFETY_FOR_PICKUP" />
TaskElevatorArm.autoTask_INFO [4.739289341] <Event name="StateInfo" time="4.738898561" tag="^^^^^" TaskElevatorArm.state="CHECK_ELEVATOR_SAFETY_FOR_PICKUP" />
TaskElevatorArm.autoTask_INFO [4.74814853] <Event name="StateInfo" time="4.747881221" tag="vvvvv" TaskElevatorArm.state="CHECK_ELEVATOR_SAFETY_FOR_PICKUP" />
TaskElevatorArm.autoTask_INFO [4.751349761] <Event name="StateInfo" time="4.750521166" tag="^^^^^" TaskElevatorArm.state="CHECK_ELEVATOR_SAFETY_FOR_PICKUP" />
TaskElevatorArm.autoTask_INFO [4.760557747] <Event name="StateInfo" time="4.760037544" tag="vvvvv" TaskElevatorArm.state="CHECK_ELEVATOR_SAFETY_FOR_PICKUP" />
TaskElevatorArm.autoTask_INFO [4.773063736] <Event name="StateInfo" time="4.770529348" tag="^^^^^" TaskElevatorArm.state="CHECK_ELEVATOR_SAFETY_FOR_PICKUP" />
TaskElevatorArm.autoTask_INFO [4.779522152] <Event name="StateInfo" time="4.77867684" tag="vvvvv" TaskElevatorArm.state="CHECK_ELEVATOR_SAFETY_FOR_PICKUP" />
TaskElevatorArm.autoTask_INFO [4.783185776] <Event name="StateInfo" time="4.782220519" tag="^^^^^" TaskElevatorArm.state="CHECK_ELEVATOR_SAFETY_FOR_PICKUP" />
TaskElevatorArm.autoTask_INFO [4.801566296] <Event name="StateInfo" time="4.799649224" tag="vvvvv" TaskElevatorArm.state="CHECK_ELEVATOR_SAFETY_FOR_PICKUP" />
TaskElevatorArm.autoTask_INFO [4.80568153] <Event name="StateInfo" time="4.805477087" tag="^^^^^" TaskElevatorArm.state="CHECK_ELEVATOR_SAFETY_FOR_PICKUP" />
TaskElevatorArm.autoTask_INFO [4.813365266] <Event name="StateInfo" time="4.811866291" tag="vvvvv" TaskElevatorArm.state="CHECK_ELEVATOR_SAFETY_FOR_PICKUP" />
TaskElevatorArm.autoTask_INFO [4.815735744] <Event name="StateInfo" time="4.815536906" tag="^^^^^" TaskElevatorArm.state="CHECK_ELEVATOR_SAFETY_FOR_PICKUP" />
TaskElevatorArm.autoTask_INFO [4.823585611] <Event name="StateInfo" time="4.822665072" tag="vvvvv" TaskElevatorArm.state="CHECK_ELEVATOR_SAFETY_FOR_PICKUP" />
TaskElevatorArm.autoTask_INFO [4.827906146] <Event name="StateInfo" time="4.827291525" tag="^^^^^" TaskElevatorArm.state="CHECK_ELEVATOR_SAFETY_FOR_PICKUP" />
Elevator.motor.pidCtrlTask_INFO [5.487534952] controlMode: Position,onTarget=true(43.62439146274474/43.5), stalled=false, expired=false, event=(Elevator=SIGNALED)
CoralArm.motor.pidCtrlTask_INFO [6.143346802] controlMode: Position,onTarget=true(-42.978515625/-43.5), stalled=false, expired=false, event=(CoralArm=SIGNALED)
TaskElevatorArm.autoTask_INFO [6.143447669] <Event name="StateInfo" time="6.143226066" tag="vvvvv" TaskElevatorArm.state="DONE" />
TaskElevatorArm.stopSubsystems_INFO [6.147670797] Stopping subsystems.
TaskElevatorArm.autoTask_INFO [6.150717445] <Event name="StateInfo" time="6.149670375" tag="^^^^^" TaskElevatorArm.state="DONE" />
FrcRobotBase.startCompetition_INFO [6.365113097] *** Transitioning from AUTO_MODE to DISABLED_MODE ***
Robot.cancelAll_INFO [6.377260229] Cancel all operations.
FrcRobotBase.printPerformanceMetrics_INFO [6.415825908] [FrcRobotBase] Loop Performance Metrics:
Average Loop Interval = 0.001118s (freq=894.364Hz, min=0.000000s, max=0.777840s)
[03]                StartTask=0.000000s
[04]          PrePeriodicTask=0.000061s
[07]               UpdateTask=0.000826s
[02]                StartMode=0.000000s
[06]         PostPeriodicTask=0.000070s
[08]                 StopTask=0.000000s
[09]                 StopMode=0.000000s
[00]                RobotInit=12.074733s
[01]           RobotStartMode=0.000001s
[05]                 Periodic=0.000091s
[10]            RobotStopMode=0.000000s

TrcTaskMgr.printTaskPerformanceMetrics_INFO [6.422507051] TrcWatchdogMgr: STANDALONE_TASK=2.2967015909090908E-4/0.9946991047045455
TrcTaskMgr.printTaskPerformanceMetrics_INFO [6.425711847] lfDriveMotor.pidCtrlTask: OUTPUT_TASK=1.2425096574719612E-5/0.010679059444134586
TrcTaskMgr.printTaskPerformanceMetrics_INFO [6.427984248] TrcMotor.odometryTask: STANDALONE_TASK=5.034992094137317E-4/6.111084110329852E-4
TrcTaskMgr.printTaskPerformanceMetrics_INFO [6.430111073] lfDriveMotor.odometryCleanupTask: STOP_TASK=0.0029678525/3.196189013
TrcTaskMgr.printTaskPerformanceMetrics_INFO [6.433667633] rfDriveMotor.pidCtrlTask: OUTPUT_TASK=4.130871241513094E-6/0.010679073155916586
TrcTaskMgr.printTaskPerformanceMetrics_INFO [6.436045816] lbDriveMotor.pidCtrlTask: OUTPUT_TASK=3.994640337051406E-6/0.010679072105601357
TrcTaskMgr.printTaskPerformanceMetrics_INFO [6.438760855] rbDriveMotor.pidCtrlTask: OUTPUT_TASK=3.5403802740058194E-6/0.010679079622635791
TrcTaskMgr.printTaskPerformanceMetrics_INFO [6.441801228] lfSteerMotor.pidCtrlTask: OUTPUT_TASK=1.3823023640661939E-5/0.010679034336000485
TrcTaskMgr.printTaskPerformanceMetrics_INFO [6.444485573] rfSteerMotor.pidCtrlTask: OUTPUT_TASK=1.1032303509729041E-5/0.01067904110323089
TrcTaskMgr.printTaskPerformanceMetrics_INFO [6.446877653] lbSteerMotor.pidCtrlTask: OUTPUT_TASK=1.0678944899072558E-5/0.010679036786627872
TrcTaskMgr.printTaskPerformanceMetrics_INFO [6.450150445] rbSteerMotor.pidCtrlTask: OUTPUT_TASK=1.1810225253076317E-5/0.01067903852579257
TrcTaskMgr.printTaskPerformanceMetrics_INFO [6.453283675] TrcSwerveDriveBase.odometryTask: INPUT_TASK=0.005138376971252567/0.0127217363449692
TrcTaskMgr.printTaskPerformanceMetrics_INFO [6.456585983] TrcSwerveDriveBase.stopTask: STOP_TASK=0.007723264/3.193305071
TrcTaskMgr.printTaskPerformanceMetrics_INFO [6.459585902] purePursuitDrive.driveTask: POST_PERIODIC_TASK=0.0193675383559322/0.025444235101694915
TrcTaskMgr.printTaskPerformanceMetrics_INFO [6.462020649] LED: OUTPUT_TASK=3.4208844162928845E-5/0.010679201769062915
TrcTaskMgr.printTaskPerformanceMetrics_INFO [6.465596954] CoralArm.motor.pidCtrlTask: OUTPUT_TASK=2.3447652378932057E-4/0.010679109796169465
TrcTaskMgr.printTaskPerformanceMetrics_INFO [6.469020083] CoralGrabber.motor.pidCtrlTask: OUTPUT_TASK=7.765397418025334E-6/0.010679109324565126
TrcTaskMgr.printTaskPerformanceMetrics_INFO [6.471657663] Elevator.motor.pidCtrlTask: OUTPUT_TASK=4.1014348445360324E-5/0.010679101533971757
TrcTaskMgr.printTaskPerformanceMetrics_INFO [6.474324801] ClimberArm.motor.pidCtrlTask: OUTPUT_TASK=4.412523212121212E-6/0.010679100148727274
TrcTaskMgr.printTaskPerformanceMetrics_INFO [6.477014428] ClimberGrabber.motor.pidCtrlTask: OUTPUT_TASK=4.011722727272728E-6/0.010679094549757576
TrcTaskMgr.printTaskPerformanceMetrics_INFO [6.479635856] TaskElevatorArm: POST_PERIODIC_TASK=1.2750772884332704E-5/0.0011143219291373156
TrcTaskMgr.printTaskPerformanceMetrics_INFO [6.482361065] TaskAutoScoreCoral: POST_PERIODIC_TASK=3.9302332833333333E-4/0.005209351673333333
